<?xml version="1.0" encoding="UTF-8"?>
<!-- Generated by org.testng.reporters.JUnitXMLReporter -->
<testsuite ignored="7" hostname="IRENEs-MacBook-Pro.local" failures="1" tests="1" name="Default test" time="2.116" errors="0" timestamp="2022-03-17T00:17:39 CST">
  <testcase classname="books.BookTest" name="placeOrder" time="1.562">
    <failure type="java.lang.AssertionError" message="1 expectation failed.
JSON path $ doesn&amp;apos;t match.
Expected: map containing [&amp;quot;orderId&amp;quot;-&amp;gt;ANYTHING]
  Actual: &amp;lt;[{id=7WZE9sXzJ0pNCqmSTK5dT, bookId=3, customerName=ireneAP, createdBy=1376265a10b9b4e063e99258d6af3a7151a9dc9357a8676a83a7ec1b846652f2, quantity=1, timestamp=1647483293428}, {id=gP40YR-OEBp8c31tpsELv, bookId=3, customerName=ireneAP, createdBy=1376265a10b9b4e063e99258d6af3a7151a9dc9357a8676a83a7ec1b846652f2, quantity=1, timestamp=1647496593546}, {id=feFh08lIX1iG26BNAMTCG, bookId=3, customerName=ireneAP, createdBy=1376265a10b9b4e063e99258d6af3a7151a9dc9357a8676a83a7ec1b846652f2, quantity=1, timestamp=1647497136042}, {id=J92MOS7uowR99Dww55CgD, bookId=3, customerName=ireneAP, createdBy=1376265a10b9b4e063e99258d6af3a7151a9dc9357a8676a83a7ec1b846652f2, quantity=1, timestamp=1647497146875}]&amp;gt;
">
      <![CDATA[java.lang.AssertionError: 1 expectation failed.
JSON path $ doesn't match.
Expected: map containing ["orderId"->ANYTHING]
  Actual: <[{id=7WZE9sXzJ0pNCqmSTK5dT, bookId=3, customerName=ireneAP, createdBy=1376265a10b9b4e063e99258d6af3a7151a9dc9357a8676a83a7ec1b846652f2, quantity=1, timestamp=1647483293428}, {id=gP40YR-OEBp8c31tpsELv, bookId=3, customerName=ireneAP, createdBy=1376265a10b9b4e063e99258d6af3a7151a9dc9357a8676a83a7ec1b846652f2, quantity=1, timestamp=1647496593546}, {id=feFh08lIX1iG26BNAMTCG, bookId=3, customerName=ireneAP, createdBy=1376265a10b9b4e063e99258d6af3a7151a9dc9357a8676a83a7ec1b846652f2, quantity=1, timestamp=1647497136042}, {id=J92MOS7uowR99Dww55CgD, bookId=3, customerName=ireneAP, createdBy=1376265a10b9b4e063e99258d6af3a7151a9dc9357a8676a83a7ec1b846652f2, quantity=1, timestamp=1647497146875}]>

at java.base/jdk.internal.reflect.NativeConstructorAccessorImpl.newInstance0(Native Method)
at java.base/jdk.internal.reflect.NativeConstructorAccessorImpl.newInstance(NativeConstructorAccessorImpl.java:62)
at java.base/jdk.internal.reflect.DelegatingConstructorAccessorImpl.newInstance(DelegatingConstructorAccessorImpl.java:45)
at java.base/java.lang.reflect.Constructor.newInstance(Constructor.java:490)
at org.codehaus.groovy.reflection.CachedConstructor.invoke(CachedConstructor.java:72)
at org.codehaus.groovy.reflection.CachedConstructor.doConstructorInvoke(CachedConstructor.java:59)
at org.codehaus.groovy.runtime.callsite.ConstructorSite$ConstructorSiteNoUnwrap.callConstructor(ConstructorSite.java:84)
at org.codehaus.groovy.runtime.callsite.CallSiteArray.defaultCallConstructor(CallSiteArray.java:59)
at org.codehaus.groovy.runtime.callsite.AbstractCallSite.callConstructor(AbstractCallSite.java:263)
at org.codehaus.groovy.runtime.callsite.AbstractCallSite.callConstructor(AbstractCallSite.java:277)
at io.restassured.internal.ResponseSpecificationImpl$HamcrestAssertionClosure.validate(ResponseSpecificationImpl.groovy:499)
at io.restassured.internal.ResponseSpecificationImpl$HamcrestAssertionClosure$validate$1.call(Unknown Source)
at io.restassured.internal.ResponseSpecificationImpl.validateResponseIfRequired(ResponseSpecificationImpl.groovy:684)
at java.base/jdk.internal.reflect.NativeMethodAccessorImpl.invoke0(Native Method)
at java.base/jdk.internal.reflect.NativeMethodAccessorImpl.invoke(NativeMethodAccessorImpl.java:62)
at java.base/jdk.internal.reflect.DelegatingMethodAccessorImpl.invoke(DelegatingMethodAccessorImpl.java:43)
at java.base/java.lang.reflect.Method.invoke(Method.java:566)
at org.codehaus.groovy.runtime.callsite.PlainObjectMetaMethodSite.doInvoke(PlainObjectMetaMethodSite.java:43)
at org.codehaus.groovy.runtime.callsite.PogoMetaMethodSite$PogoCachedMethodSiteNoUnwrapNoCoerce.invoke(PogoMetaMethodSite.java:193)
at org.codehaus.groovy.runtime.callsite.PogoMetaMethodSite.callCurrent(PogoMetaMethodSite.java:61)
at org.codehaus.groovy.runtime.callsite.CallSiteArray.defaultCallCurrent(CallSiteArray.java:51)
at org.codehaus.groovy.runtime.callsite.AbstractCallSite.callCurrent(AbstractCallSite.java:171)
at org.codehaus.groovy.runtime.callsite.AbstractCallSite.callCurrent(AbstractCallSite.java:185)
at io.restassured.internal.ResponseSpecificationImpl.body(ResponseSpecificationImpl.groovy:262)
at io.restassured.specification.ResponseSpecification$body$1.callCurrent(Unknown Source)
at org.codehaus.groovy.runtime.callsite.CallSiteArray.defaultCallCurrent(CallSiteArray.java:51)
at org.codehaus.groovy.runtime.callsite.AbstractCallSite.callCurrent(AbstractCallSite.java:171)
at org.codehaus.groovy.runtime.callsite.AbstractCallSite.callCurrent(AbstractCallSite.java:212)
at io.restassured.internal.ResponseSpecificationImpl.body(ResponseSpecificationImpl.groovy:109)
at io.restassured.internal.ValidatableResponseOptionsImpl.body(ValidatableResponseOptionsImpl.java:244)
at io.restassured.internal.ValidatableResponseImpl.super$2$body(ValidatableResponseImpl.groovy)
at java.base/jdk.internal.reflect.NativeMethodAccessorImpl.invoke0(Native Method)
at java.base/jdk.internal.reflect.NativeMethodAccessorImpl.invoke(NativeMethodAccessorImpl.java:62)
at java.base/jdk.internal.reflect.DelegatingMethodAccessorImpl.invoke(DelegatingMethodAccessorImpl.java:43)
at java.base/java.lang.reflect.Method.invoke(Method.java:566)
at org.codehaus.groovy.reflection.CachedMethod.invoke(CachedMethod.java:107)
at groovy.lang.MetaMethod.doMethodInvoke(MetaMethod.java:323)
at groovy.lang.MetaClassImpl.invokeMethod(MetaClassImpl.java:1268)
at org.codehaus.groovy.runtime.ScriptBytecodeAdapter.invokeMethodOnSuperN(ScriptBytecodeAdapter.java:144)
at io.restassured.internal.ValidatableResponseImpl.body(ValidatableResponseImpl.groovy:298)
at io.restassured.internal.ValidatableResponseImpl.body(ValidatableResponseImpl.groovy)
at books.BookTest.placeOrder(BookTest.java:87)
at java.base/jdk.internal.reflect.NativeMethodAccessorImpl.invoke0(Native Method)
at java.base/jdk.internal.reflect.NativeMethodAccessorImpl.invoke(NativeMethodAccessorImpl.java:62)
at java.base/jdk.internal.reflect.DelegatingMethodAccessorImpl.invoke(DelegatingMethodAccessorImpl.java:43)
at java.base/java.lang.reflect.Method.invoke(Method.java:566)
at org.testng.internal.invokers.MethodInvocationHelper.invokeMethod(MethodInvocationHelper.java:135)
at org.testng.internal.invokers.TestInvoker.invokeMethod(TestInvoker.java:673)
at org.testng.internal.invokers.TestInvoker.invokeTestMethod(TestInvoker.java:220)
at org.testng.internal.invokers.MethodRunner.runInSequence(MethodRunner.java:50)
at org.testng.internal.invokers.TestInvoker$MethodInvocationAgent.invoke(TestInvoker.java:945)
at org.testng.internal.invokers.TestInvoker.invokeTestMethods(TestInvoker.java:193)
at org.testng.internal.invokers.TestMethodWorker.invokeTestMethods(TestMethodWorker.java:146)
at org.testng.internal.invokers.TestMethodWorker.run(TestMethodWorker.java:128)
at java.base/java.util.ArrayList.forEach(ArrayList.java:1541)
at org.testng.TestRunner.privateRun(TestRunner.java:808)
at org.testng.TestRunner.run(TestRunner.java:603)
at org.testng.SuiteRunner.runTest(SuiteRunner.java:429)
at org.testng.SuiteRunner.runSequentially(SuiteRunner.java:423)
at org.testng.SuiteRunner.privateRun(SuiteRunner.java:383)
at org.testng.SuiteRunner.run(SuiteRunner.java:326)
at org.testng.SuiteRunnerWorker.runSuite(SuiteRunnerWorker.java:52)
at org.testng.SuiteRunnerWorker.run(SuiteRunnerWorker.java:95)
at org.testng.TestNG.runSuitesSequentially(TestNG.java:1249)
at org.testng.TestNG.runSuitesLocally(TestNG.java:1169)
at org.testng.TestNG.runSuites(TestNG.java:1092)
at org.testng.TestNG.run(TestNG.java:1060)
at org.testng.remote.AbstractRemoteTestNG.run(AbstractRemoteTestNG.java:115)
at org.testng.remote.RemoteTestNG.initAndRun(RemoteTestNG.java:251)
at org.testng.remote.RemoteTestNG.main(RemoteTestNG.java:77)
]]>
    </failure>
  </testcase> <!-- placeOrder -->
  <testcase classname="books.BookTest" name="availableBooks" time="0.0">
    <ignored/>
  </testcase> <!-- availableBooks -->
  <testcase classname="books.BookTest" name="LimitBooks" time="0.0">
    <ignored/>
  </testcase> <!-- LimitBooks -->
  <testcase classname="books.BookTest" name="RegisterApiClientProfile" time="0.0">
    <ignored/>
  </testcase> <!-- RegisterApiClientProfile -->
  <testcase classname="books.BookTest" name="nonFictionBooks" time="0.0">
    <ignored/>
  </testcase> <!-- nonFictionBooks -->
  <testcase classname="books.BookTest" name="fictionBooks" time="0.0">
    <ignored/>
  </testcase> <!-- fictionBooks -->
  <testcase classname="books.BookTest" name="getMessage" time="0.0">
    <ignored/>
  </testcase> <!-- getMessage -->
  <testcase classname="books.BookTest" name="singleBook" time="0.0">
    <ignored/>
  </testcase> <!-- singleBook -->
</testsuite> <!-- Default test -->
